# JRE version: Java(TM) SE Runtime Environment (8.0_91-b15) (build 1.8.0_91-b15)
# Java VM: Java HotSpot(TM) 64-Bit Server VM (25.91-b15 mixed mode windows-amd64 compressed oops)
Heap:
 PSYoungGen      total 73728K, used 13436K [0x00000000e0000000, 0x00000000e6780000, 0x0000000100000000)
  eden space 61952K, 21% used [0x00000000e0000000,0x00000000e0d1f170,0x00000000e3c80000)
  from space 11776K, 0% used [0x00000000e3c80000,0x00000000e3c80000,0x00000000e4800000)
  to   space 12800K, 0% used [0x00000000e5b00000,0x00000000e5b00000,0x00000000e6780000)
 ParOldGen       total 65536K, used 16135K [0x00000000a0000000, 0x00000000a4000000, 0x00000000e0000000)
  object space 65536K, 24% used [0x00000000a0000000,0x00000000a0fc1ee8,0x00000000a4000000)
 Metaspace       used 34942K, capacity 35468K, committed 35712K, reserved 1079296K
  class space    used 4806K, capacity 4944K, committed 4992K, reserved 1048576K
GC Heap History (10 events):
Event: 4.789 GC heap before
{Heap before GC invocations=7 (full 1):
 PSYoungGen      total 36864K, used 36093K [0x00000000e0000000, 0x00000000e4100000, 0x0000000100000000)
  eden space 31744K, 100% used [0x00000000e0000000,0x00000000e1f00000,0x00000000e1f00000)
  from space 5120K, 84% used [0x00000000e1f00000,0x00000000e233f4d0,0x00000000e2400000)
  to   space 11264K, 0% used [0x00000000e3600000,0x00000000e3600000,0x00000000e4100000)
 ParOldGen       total 65536K, used 9586K [0x00000000a0000000, 0x00000000a4000000, 0x00000000e0000000)
  object space 65536K, 14% used [0x00000000a0000000,0x00000000a095cae0,0x00000000a4000000)
 Metaspace       used 26036K, capacity 26406K, committed 26624K, reserved 1073152K
  class space    used 3671K, capacity 3804K, committed 3840K, reserved 1048576K
Event: 4.802 GC heap after
Heap after GC invocations=7 (full 1):
 PSYoungGen      total 55808K, used 4370K [0x00000000e0000000, 0x00000000e4180000, 0x0000000100000000)
  eden space 44544K, 0% used [0x00000000e0000000,0x00000000e0000000,0x00000000e2b80000)
  from space 11264K, 38% used [0x00000000e3600000,0x00000000e3a44b60,0x00000000e4100000)
  to   space 10752K, 0% used [0x00000000e2b80000,0x00000000e2b80000,0x00000000e3600000)
 ParOldGen       total 65536K, used 9586K [0x00000000a0000000, 0x00000000a4000000, 0x00000000e0000000)
  object space 65536K, 14% used [0x00000000a0000000,0x00000000a095cae0,0x00000000a4000000)
 Metaspace       used 26036K, capacity 26406K, committed 26624K, reserved 1073152K
  class space    used 3671K, capacity 3804K, committed 3840K, reserved 1048576K
}
Event: 5.915 GC heap before
{Heap before GC invocations=8 (full 1):
 PSYoungGen      total 55808K, used 48914K [0x00000000e0000000, 0x00000000e4180000, 0x0000000100000000)
  eden space 44544K, 100% used [0x00000000e0000000,0x00000000e2b80000,0x00000000e2b80000)
  from space 11264K, 38% used [0x00000000e3600000,0x00000000e3a44b60,0x00000000e4100000)
  to   space 10752K, 0% used [0x00000000e2b80000,0x00000000e2b80000,0x00000000e3600000)
 ParOldGen       total 65536K, used 9586K [0x00000000a0000000, 0x00000000a4000000, 0x00000000e0000000)
  object space 65536K, 14% used [0x00000000a0000000,0x00000000a095cae0,0x00000000a4000000)
 Metaspace       used 29470K, capacity 29970K, committed 30208K, reserved 1075200K
  class space    used 4131K, capacity 4297K, committed 4352K, reserved 1048576K
Event: 5.928 GC heap after
Heap after GC invocations=8 (full 1):
 PSYoungGen      total 55296K, used 8068K [0x00000000e0000000, 0x00000000e5300000, 0x0000000100000000)
  eden space 44544K, 0% used [0x00000000e0000000,0x00000000e0000000,0x00000000e2b80000)
  from space 10752K, 75% used [0x00000000e2b80000,0x00000000e33612b0,0x00000000e3600000)
  to   space 11264K, 0% used [0x00000000e4800000,0x00000000e4800000,0x00000000e5300000)
 ParOldGen       total 65536K, used 9594K [0x00000000a0000000, 0x00000000a4000000, 0x00000000e0000000)
  object space 65536K, 14% used [0x00000000a0000000,0x00000000a095eae0,0x00000000a4000000)
 Metaspace       used 29470K, capacity 29970K, committed 30208K, reserved 1075200K
  class space    used 4131K, capacity 4297K, committed 4352K, reserved 1048576K
}
Event: 6.567 GC heap before
{Heap before GC invocations=9 (full 1):
 PSYoungGen      total 55296K, used 52612K [0x00000000e0000000, 0x00000000e5300000, 0x0000000100000000)
  eden space 44544K, 100% used [0x00000000e0000000,0x00000000e2b80000,0x00000000e2b80000)
  from space 10752K, 75% used [0x00000000e2b80000,0x00000000e33612b0,0x00000000e3600000)
  to   space 11264K, 0% used [0x00000000e4800000,0x00000000e4800000,0x00000000e5300000)
 ParOldGen       total 65536K, used 9594K [0x00000000a0000000, 0x00000000a4000000, 0x00000000e0000000)
  object space 65536K, 14% used [0x00000000a0000000,0x00000000a095eae0,0x00000000a4000000)
 Metaspace       used 32328K, capacity 32798K, committed 33152K, reserved 1077248K
  class space    used 4480K, capacity 4665K, committed 4736K, reserved 1048576K
Event: 6.583 GC heap after
Heap after GC invocations=9 (full 1):
 PSYoungGen      total 73216K, used 9138K [0x00000000e0000000, 0x00000000e5580000, 0x0000000100000000)
  eden space 61952K, 0% used [0x00000000e0000000,0x00000000e0000000,0x00000000e3c80000)
  from space 11264K, 81% used [0x00000000e4800000,0x00000000e50eca38,0x00000000e5300000)
  to   space 11776K, 0% used [0x00000000e3c80000,0x00000000e3c80000,0x00000000e4800000)
 ParOldGen       total 65536K, used 9602K [0x00000000a0000000, 0x00000000a4000000, 0x00000000e0000000)
  object space 65536K, 14% used [0x00000000a0000000,0x00000000a0960ae0,0x00000000a4000000)
 Metaspace       used 32328K, capacity 32798K, committed 33152K, reserved 1077248K
  class space    used 4480K, capacity 4665K, committed 4736K, reserved 1048576K
}
Event: 7.012 GC heap before
{Heap before GC invocations=10 (full 1):
 PSYoungGen      total 73216K, used 35936K [0x00000000e0000000, 0x00000000e5580000, 0x0000000100000000)
  eden space 61952K, 43% used [0x00000000e0000000,0x00000000e1a2b760,0x00000000e3c80000)
  from space 11264K, 81% used [0x00000000e4800000,0x00000000e50eca38,0x00000000e5300000)
  to   space 11776K, 0% used [0x00000000e3c80000,0x00000000e3c80000,0x00000000e4800000)
 ParOldGen       total 65536K, used 9602K [0x00000000a0000000, 0x00000000a4000000, 0x00000000e0000000)
  object space 65536K, 14% used [0x00000000a0000000,0x00000000a0960ae0,0x00000000a4000000)
 Metaspace       used 34855K, capacity 35314K, committed 35456K, reserved 1079296K
  class space    used 4792K, capacity 4937K, committed 4992K, reserved 1048576K
Event: 7.029 GC heap after
Heap after GC invocations=10 (full 1):
 PSYoungGen      total 73728K, used 9698K [0x00000000e0000000, 0x00000000e6780000, 0x0000000100000000)
  eden space 61952K, 0% used [0x00000000e0000000,0x00000000e0000000,0x00000000e3c80000)
  from space 11776K, 82% used [0x00000000e3c80000,0x00000000e45f8ad0,0x00000000e4800000)
  to   space 12800K, 0% used [0x00000000e5b00000,0x00000000e5b00000,0x00000000e6780000)
 ParOldGen       total 65536K, used 9610K [0x00000000a0000000, 0x00000000a4000000, 0x00000000e0000000)
  object space 65536K, 14% used [0x00000000a0000000,0x00000000a0962ae0,0x00000000a4000000)
 Metaspace       used 34855K, capacity 35314K, committed 35456K, reserved 1079296K
  class space    used 4792K, capacity 4937K, committed 4992K, reserved 1048576K
}
Event: 7.029 GC heap before
{Heap before GC invocations=11 (full 2):
 PSYoungGen      total 73728K, used 9698K [0x00000000e0000000, 0x00000000e6780000, 0x0000000100000000)
  eden space 61952K, 0% used [0x00000000e0000000,0x00000000e0000000,0x00000000e3c80000)
  from space 11776K, 82% used [0x00000000e3c80000,0x00000000e45f8ad0,0x00000000e4800000)
  to   space 12800K, 0% used [0x00000000e5b00000,0x00000000e5b00000,0x00000000e6780000)
 ParOldGen       total 65536K, used 9610K [0x00000000a0000000, 0x00000000a4000000, 0x00000000e0000000)
  object space 65536K, 14% used [0x00000000a0000000,0x00000000a0962ae0,0x00000000a4000000)
 Metaspace       used 34855K, capacity 35314K, committed 35456K, reserved 1079296K
  class space    used 4792K, capacity 4937K, committed 4992K, reserved 1048576K
Event: 7.139 GC heap after
Heap after GC invocations=11 (full 2):
 PSYoungGen      total 73728K, used 0K [0x00000000e0000000, 0x00000000e6780000, 0x0000000100000000)
  eden space 61952K, 0% used [0x00000000e0000000,0x00000000e0000000,0x00000000e3c80000)
  from space 11776K, 0% used [0x00000000e3c80000,0x00000000e3c80000,0x00000000e4800000)
  to   space 12800K, 0% used [0x00000000e5b00000,0x00000000e5b00000,0x00000000e6780000)
 ParOldGen       total 65536K, used 16135K [0x00000000a0000000, 0x00000000a4000000, 0x00000000e0000000)
  object space 65536K, 24% used [0x00000000a0000000,0x00000000a0fc1ee8,0x00000000a4000000)
 Metaspace       used 34855K, capacity 35314K, committed 35456K, reserved 1079296K
  class space    used 4792K, capacity 4937K, committed 4992K, reserved 1048576K
}

