# JRE version: Java(TM) SE Runtime Environment (8.0_91-b15) (build 1.8.0_91-b15)
# Java VM: Java HotSpot(TM) 64-Bit Server VM (25.91-b15 mixed mode windows-amd64 compressed oops)
Heap:
 PSYoungGen      total 99840K, used 13192K [0x00000000e0000000, 0x00000000e9300000, 0x0000000100000000)
  eden space 88064K, 14% used [0x00000000e0000000,0x00000000e0ce20e8,0x00000000e5600000)
  from space 11776K, 0% used [0x00000000e5600000,0x00000000e5600000,0x00000000e6180000)
  to   space 12800K, 0% used [0x00000000e8680000,0x00000000e8680000,0x00000000e9300000)
 ParOldGen       total 101888K, used 16907K [0x00000000a0000000, 0x00000000a6380000, 0x00000000e0000000)
  object space 101888K, 16% used [0x00000000a0000000,0x00000000a1082cf8,0x00000000a6380000)
 Metaspace       used 34922K, capacity 35434K, committed 35712K, reserved 1079296K
  class space    used 4800K, capacity 4937K, committed 4992K, reserved 1048576K
GC Heap History (10 events):
Event: 3.437 GC heap before
{Heap before GC invocations=5 (full 1):
 PSYoungGen      total 68608K, used 5108K [0x00000000e0000000, 0x00000000e4800000, 0x0000000100000000)
  eden space 63488K, 0% used [0x00000000e0000000,0x00000000e0000000,0x00000000e3e00000)
  from space 5120K, 99% used [0x00000000e4300000,0x00000000e47fd000,0x00000000e4800000)
  to   space 5120K, 0% used [0x00000000e3e00000,0x00000000e3e00000,0x00000000e4300000)
 ParOldGen       total 84992K, used 8210K [0x00000000a0000000, 0x00000000a5300000, 0x00000000e0000000)
  object space 84992K, 9% used [0x00000000a0000000,0x00000000a0804b08,0x00000000a5300000)
 Metaspace       used 20872K, capacity 21188K, committed 21296K, reserved 1067008K
  class space    used 2805K, capacity 2926K, committed 2944K, reserved 1048576K
Event: 3.528 GC heap after
Heap after GC invocations=5 (full 1):
 PSYoungGen      total 68608K, used 0K [0x00000000e0000000, 0x00000000e4800000, 0x0000000100000000)
  eden space 63488K, 0% used [0x00000000e0000000,0x00000000e0000000,0x00000000e3e00000)
  from space 5120K, 0% used [0x00000000e4300000,0x00000000e4300000,0x00000000e4800000)
  to   space 5120K, 0% used [0x00000000e3e00000,0x00000000e3e00000,0x00000000e4300000)
 ParOldGen       total 65536K, used 9541K [0x00000000a0000000, 0x00000000a4000000, 0x00000000e0000000)
  object space 65536K, 14% used [0x00000000a0000000,0x00000000a0951428,0x00000000a4000000)
 Metaspace       used 20872K, capacity 21188K, committed 21296K, reserved 1067008K
  class space    used 2805K, capacity 2926K, committed 2944K, reserved 1048576K
}
Event: 4.728 GC heap before
{Heap before GC invocations=6 (full 1):
 PSYoungGen      total 68608K, used 63488K [0x00000000e0000000, 0x00000000e4800000, 0x0000000100000000)
  eden space 63488K, 100% used [0x00000000e0000000,0x00000000e3e00000,0x00000000e3e00000)
  from space 5120K, 0% used [0x00000000e4300000,0x00000000e4300000,0x00000000e4800000)
  to   space 5120K, 0% used [0x00000000e3e00000,0x00000000e3e00000,0x00000000e4300000)
 ParOldGen       total 65536K, used 9541K [0x00000000a0000000, 0x00000000a4000000, 0x00000000e0000000)
  object space 65536K, 14% used [0x00000000a0000000,0x00000000a0951428,0x00000000a4000000)
 Metaspace       used 26061K, capacity 26398K, committed 26624K, reserved 1073152K
  class space    used 3677K, capacity 3804K, committed 3840K, reserved 1048576K
Event: 4.746 GC heap after
Heap after GC invocations=6 (full 1):
 PSYoungGen      total 68608K, used 5090K [0x00000000e0000000, 0x00000000e6c80000, 0x0000000100000000)
  eden space 63488K, 0% used [0x00000000e0000000,0x00000000e0000000,0x00000000e3e00000)
  from space 5120K, 99% used [0x00000000e3e00000,0x00000000e42f8a38,0x00000000e4300000)
  to   space 10752K, 0% used [0x00000000e6200000,0x00000000e6200000,0x00000000e6c80000)
 ParOldGen       total 65536K, used 11730K [0x00000000a0000000, 0x00000000a4000000, 0x00000000e0000000)
  object space 65536K, 17% used [0x00000000a0000000,0x00000000a0b748a0,0x00000000a4000000)
 Metaspace       used 26061K, capacity 26398K, committed 26624K, reserved 1073152K
  class space    used 3677K, capacity 3804K, committed 3840K, reserved 1048576K
}
Event: 6.177 GC heap before
{Heap before GC invocations=7 (full 1):
 PSYoungGen      total 68608K, used 68578K [0x00000000e0000000, 0x00000000e6c80000, 0x0000000100000000)
  eden space 63488K, 100% used [0x00000000e0000000,0x00000000e3e00000,0x00000000e3e00000)
  from space 5120K, 99% used [0x00000000e3e00000,0x00000000e42f8a38,0x00000000e4300000)
  to   space 10752K, 0% used [0x00000000e6200000,0x00000000e6200000,0x00000000e6c80000)
 ParOldGen       total 65536K, used 11730K [0x00000000a0000000, 0x00000000a4000000, 0x00000000e0000000)
  object space 65536K, 17% used [0x00000000a0000000,0x00000000a0b748a0,0x00000000a4000000)
 Metaspace       used 31695K, capacity 32214K, committed 32512K, reserved 1077248K
  class space    used 4414K, capacity 4601K, committed 4608K, reserved 1048576K
Event: 6.192 GC heap after
Heap after GC invocations=7 (full 1):
 PSYoungGen      total 98816K, used 10328K [0x00000000e0000000, 0x00000000e6d00000, 0x0000000100000000)
  eden space 88064K, 0% used [0x00000000e0000000,0x00000000e0000000,0x00000000e5600000)
  from space 10752K, 96% used [0x00000000e6200000,0x00000000e6c16278,0x00000000e6c80000)
  to   space 11776K, 0% used [0x00000000e5600000,0x00000000e5600000,0x00000000e6180000)
 ParOldGen       total 65536K, used 11738K [0x00000000a0000000, 0x00000000a4000000, 0x00000000e0000000)
  object space 65536K, 17% used [0x00000000a0000000,0x00000000a0b768a0,0x00000000a4000000)
 Metaspace       used 31695K, capacity 32214K, committed 32512K, reserved 1077248K
  class space    used 4414K, capacity 4601K, committed 4608K, reserved 1048576K
}
Event: 6.923 GC heap before
{Heap before GC invocations=8 (full 1):
 PSYoungGen      total 98816K, used 63790K [0x00000000e0000000, 0x00000000e6d00000, 0x0000000100000000)
  eden space 88064K, 60% used [0x00000000e0000000,0x00000000e3435678,0x00000000e5600000)
  from space 10752K, 96% used [0x00000000e6200000,0x00000000e6c16278,0x00000000e6c80000)
  to   space 11776K, 0% used [0x00000000e5600000,0x00000000e5600000,0x00000000e6180000)
 ParOldGen       total 65536K, used 11738K [0x00000000a0000000, 0x00000000a4000000, 0x00000000e0000000)
  object space 65536K, 17% used [0x00000000a0000000,0x00000000a0b768a0,0x00000000a4000000)
 Metaspace       used 34845K, capacity 35306K, committed 35456K, reserved 1079296K
  class space    used 4788K, capacity 4937K, committed 4992K, reserved 1048576K
Event: 6.943 GC heap after
Heap after GC invocations=8 (full 1):
 PSYoungGen      total 99840K, used 10517K [0x00000000e0000000, 0x00000000e9300000, 0x0000000100000000)
  eden space 88064K, 0% used [0x00000000e0000000,0x00000000e0000000,0x00000000e5600000)
  from space 11776K, 89% used [0x00000000e5600000,0x00000000e6045478,0x00000000e6180000)
  to   space 12800K, 0% used [0x00000000e8680000,0x00000000e8680000,0x00000000e9300000)
 ParOldGen       total 65536K, used 11746K [0x00000000a0000000, 0x00000000a4000000, 0x00000000e0000000)
  object space 65536K, 17% used [0x00000000a0000000,0x00000000a0b788a0,0x00000000a4000000)
 Metaspace       used 34845K, capacity 35306K, committed 35456K, reserved 1079296K
  class space    used 4788K, capacity 4937K, committed 4992K, reserved 1048576K
}
Event: 6.943 GC heap before
{Heap before GC invocations=9 (full 2):
 PSYoungGen      total 99840K, used 10517K [0x00000000e0000000, 0x00000000e9300000, 0x0000000100000000)
  eden space 88064K, 0% used [0x00000000e0000000,0x00000000e0000000,0x00000000e5600000)
  from space 11776K, 89% used [0x00000000e5600000,0x00000000e6045478,0x00000000e6180000)
  to   space 12800K, 0% used [0x00000000e8680000,0x00000000e8680000,0x00000000e9300000)
 ParOldGen       total 65536K, used 11746K [0x00000000a0000000, 0x00000000a4000000, 0x00000000e0000000)
  object space 65536K, 17% used [0x00000000a0000000,0x00000000a0b788a0,0x00000000a4000000)
 Metaspace       used 34845K, capacity 35306K, committed 35456K, reserved 1079296K
  class space    used 4788K, capacity 4937K, committed 4992K, reserved 1048576K
Event: 7.038 GC heap after
Heap after GC invocations=9 (full 2):
 PSYoungGen      total 99840K, used 0K [0x00000000e0000000, 0x00000000e9300000, 0x0000000100000000)
  eden space 88064K, 0% used [0x00000000e0000000,0x00000000e0000000,0x00000000e5600000)
  from space 11776K, 0% used [0x00000000e5600000,0x00000000e5600000,0x00000000e6180000)
  to   space 12800K, 0% used [0x00000000e8680000,0x00000000e8680000,0x00000000e9300000)
 ParOldGen       total 101888K, used 16907K [0x00000000a0000000, 0x00000000a6380000, 0x00000000e0000000)
  object space 101888K, 16% used [0x00000000a0000000,0x00000000a1082cf8,0x00000000a6380000)
 Metaspace       used 34845K, capacity 35306K, committed 35456K, reserved 1079296K
  class space    used 4788K, capacity 4937K, committed 4992K, reserved 1048576K
}

